{
"D:\\dotnet\\source\\Resume\\src\\Resume\\src\\app\\education.component.specs.ts":{"path":"D:\\dotnet\\source\\Resume\\src\\Resume\\src\\app\\education.component.specs.ts","s":{"1":1,"2":1,"3":1,"4":1,"5":1,"6":1,"7":2,"8":2,"9":2,"10":1,"11":1,"12":1,"13":1},"b":{},"f":{"1":1,"2":2,"3":1,"4":1},"fnMap":{"1":{"name":"(anonymous_1)","line":4,"loc":{"start":{"line":4,"column":31},"end":{"line":4,"column":43}}},"2":{"name":"(anonymous_2)","line":7,"loc":{"start":{"line":7,"column":15},"end":{"line":7,"column":27}}},"3":{"name":"(anonymous_3)","line":12,"loc":{"start":{"line":12,"column":34},"end":{"line":12,"column":46}}},"4":{"name":"(anonymous_4)","line":15,"loc":{"start":{"line":15,"column":34},"end":{"line":15,"column":46}}}},"statementMap":{"1":{"start":{"line":2,"column":0},"end":{"line":2,"column":61}},"2":{"start":{"line":3,"column":0},"end":{"line":3,"column":66}},"3":{"start":{"line":4,"column":0},"end":{"line":18,"column":3}},"4":{"start":{"line":5,"column":4},"end":{"line":5,"column":18}},"5":{"start":{"line":6,"column":4},"end":{"line":6,"column":16}},"6":{"start":{"line":7,"column":4},"end":{"line":11,"column":7}},"7":{"start":{"line":8,"column":8},"end":{"line":8,"column":61}},"8":{"start":{"line":9,"column":8},"end":{"line":9,"column":74}},"9":{"start":{"line":10,"column":8},"end":{"line":10,"column":29}},"10":{"start":{"line":12,"column":4},"end":{"line":14,"column":7}},"11":{"start":{"line":13,"column":8},"end":{"line":13,"column":52}},"12":{"start":{"line":15,"column":4},"end":{"line":17,"column":7}},"13":{"start":{"line":16,"column":8},"end":{"line":16,"column":63}}},"branchMap":{},"code":["\"use strict\";","var education_component_1 = require(\"./education.component\");","var education_service_1 = require(\"./services/education.service\");","describe(\"EducationComponent\", function () {","    var component;","    var service;","    beforeEach(function () {","        service = new education_service_1.EducationService();","        component = new education_component_1.EducationComponent(service);","        component.ngOnInit();","    });","    it(\"has educations property\", function () {","        expect(component.educations).not.toBeNull();","    });","    it(\"contains > 0 educations\", function () {","        expect(component.educations.length).toBeGreaterThan(0);","    });","});",""],"l":{"2":1,"3":1,"4":1,"5":1,"6":1,"7":1,"8":2,"9":2,"10":2,"12":1,"13":1,"15":1,"16":1}},
"D:\\dotnet\\source\\Resume\\src\\Resume\\src\\app\\education.component.ts":{"path":"D:\\dotnet\\source\\Resume\\src\\Resume\\src\\app\\education.component.ts","s":{"1":1,"2":1,"3":1,"4":1,"5":2,"6":1,"7":2,"8":1,"9":1,"10":0,"11":1},"b":{"1":[1,1,0],"2":[1,1]},"f":{"1":1,"2":2,"3":2},"fnMap":{"1":{"name":"(anonymous_1)","line":4,"loc":{"start":{"line":4,"column":26},"end":{"line":4,"column":38}}},"2":{"name":"EducationComponent","line":5,"loc":{"start":{"line":5,"column":4},"end":{"line":5,"column":51}}},"3":{"name":"(anonymous_3)","line":8,"loc":{"start":{"line":8,"column":44},"end":{"line":8,"column":56}}}},"statementMap":{"1":{"start":{"line":2,"column":0},"end":{"line":2,"column":38}},"2":{"start":{"line":3,"column":0},"end":{"line":3,"column":66}},"3":{"start":{"line":4,"column":0},"end":{"line":20,"column":5}},"4":{"start":{"line":5,"column":4},"end":{"line":7,"column":5}},"5":{"start":{"line":6,"column":8},"end":{"line":6,"column":51}},"6":{"start":{"line":8,"column":4},"end":{"line":10,"column":6}},"7":{"start":{"line":9,"column":8},"end":{"line":9,"column":65}},"8":{"start":{"line":11,"column":4},"end":{"line":17,"column":27}},"9":{"start":{"line":18,"column":4},"end":{"line":18,"column":30}},"10":{"start":{"line":19,"column":4},"end":{"line":19,"column":11}},"11":{"start":{"line":21,"column":0},"end":{"line":21,"column":48}}},"branchMap":{"1":{"line":16,"type":"binary-expr","locations":[{"start":{"line":16,"column":42},"end":{"line":16,"column":170}},{"start":{"line":16,"column":174},"end":{"line":16,"column":176}},{"start":{"line":16,"column":181},"end":{"line":16,"column":187}}]},"2":{"line":16,"type":"binary-expr","locations":[{"start":{"line":16,"column":55},"end":{"line":16,"column":114}},{"start":{"line":16,"column":118},"end":{"line":16,"column":154}}]}},"code":["\"use strict\";","var core_1 = require(\"@angular/core\");","var education_service_1 = require(\"./services/education.service\");","var EducationComponent = (function () {","    function EducationComponent(_educationService) {","        this._educationService = _educationService;","    }","    EducationComponent.prototype.ngOnInit = function () {","        this.educations = this._educationService.getEducations();","    };","    EducationComponent = __decorate([","        core_1.Component({","            selector: \"education\",","            templateUrl: \"./../templates/education.html\"","        }), ","        __metadata('design:paramtypes', [(typeof (_a = typeof education_service_1.EducationService !== 'undefined' && education_service_1.EducationService) === 'function' && _a) || Object])","    ], EducationComponent);","    return EducationComponent;","    var _a;","}());","exports.EducationComponent = EducationComponent;",""],"l":{"2":1,"3":1,"4":1,"5":1,"6":2,"8":1,"9":2,"11":1,"18":1,"19":0,"21":1}},
"D:\\dotnet\\source\\Resume\\src\\Resume\\src\\app\\services\\education.service.ts":{"path":"D:\\dotnet\\source\\Resume\\src\\Resume\\src\\app\\services\\education.service.ts","s":{"1":1,"2":1,"3":1,"4":1,"5":3,"6":1,"7":1,"8":1},"b":{},"f":{"1":1,"2":3,"3":3},"fnMap":{"1":{"name":"(anonymous_1)","line":3,"loc":{"start":{"line":3,"column":24},"end":{"line":3,"column":36}}},"2":{"name":"EducationService","line":4,"loc":{"start":{"line":4,"column":4},"end":{"line":4,"column":32}}},"3":{"name":"(anonymous_3)","line":6,"loc":{"start":{"line":6,"column":47},"end":{"line":6,"column":59}}}},"statementMap":{"1":{"start":{"line":2,"column":0},"end":{"line":2,"column":38}},"2":{"start":{"line":3,"column":0},"end":{"line":20,"column":5}},"3":{"start":{"line":4,"column":4},"end":{"line":5,"column":5}},"4":{"start":{"line":6,"column":4},"end":{"line":14,"column":6}},"5":{"start":{"line":7,"column":8},"end":{"line":13,"column":15}},"6":{"start":{"line":15,"column":4},"end":{"line":18,"column":25}},"7":{"start":{"line":19,"column":4},"end":{"line":19,"column":28}},"8":{"start":{"line":21,"column":0},"end":{"line":21,"column":44}}},"branchMap":{},"code":["\"use strict\";","var core_1 = require(\"@angular/core\");","var EducationService = (function () {","    function EducationService() {","    }","    EducationService.prototype.getEducations = function () {","        return [{","                qualification: \"Degree (2:1) in English Literature / Philosophy \",","                establishment: \"Keele University\"","            }, {","                qualification: \"4 A-Levels and 9 GCSE’s\",","                establishment: \"Kirkham Grammar School\"","            }];","    };","    EducationService = __decorate([","        core_1.Injectable(), ","        __metadata('design:paramtypes', [])","    ], EducationService);","    return EducationService;","}());","exports.EducationService = EducationService;",""],"l":{"2":1,"3":1,"4":1,"6":1,"7":3,"15":1,"19":1,"21":1}},
"D:\\dotnet\\source\\Resume\\src\\Resume\\src\\app\\model\\applicant.specs.ts":{"path":"D:\\dotnet\\source\\Resume\\src\\Resume\\src\\app\\model\\applicant.specs.ts","s":{"1":1,"2":1,"3":1,"4":1,"5":1,"6":1,"7":1,"8":1,"9":1,"10":1},"b":{},"f":{"1":1,"2":1,"3":1,"4":1,"5":1},"fnMap":{"1":{"name":"(anonymous_1)","line":2,"loc":{"start":{"line":2,"column":22},"end":{"line":2,"column":34}}},"2":{"name":"(anonymous_2)","line":9,"loc":{"start":{"line":9,"column":25},"end":{"line":9,"column":37}}},"3":{"name":"(anonymous_3)","line":12,"loc":{"start":{"line":12,"column":22},"end":{"line":12,"column":34}}},"4":{"name":"(anonymous_4)","line":15,"loc":{"start":{"line":15,"column":18},"end":{"line":15,"column":30}}},"5":{"name":"(anonymous_5)","line":18,"loc":{"start":{"line":18,"column":26},"end":{"line":18,"column":38}}}},"statementMap":{"1":{"start":{"line":2,"column":0},"end":{"line":21,"column":3}},"2":{"start":{"line":3,"column":4},"end":{"line":8,"column":6}},"3":{"start":{"line":9,"column":4},"end":{"line":11,"column":7}},"4":{"start":{"line":10,"column":8},"end":{"line":10,"column":48}},"5":{"start":{"line":12,"column":4},"end":{"line":14,"column":7}},"6":{"start":{"line":13,"column":8},"end":{"line":13,"column":44}},"7":{"start":{"line":15,"column":4},"end":{"line":17,"column":7}},"8":{"start":{"line":16,"column":8},"end":{"line":16,"column":63}},"9":{"start":{"line":18,"column":4},"end":{"line":20,"column":7}},"10":{"start":{"line":19,"column":8},"end":{"line":19,"column":47}}},"branchMap":{},"code":["\"use strict\";","describe(\"Applicant\", function () {","    var app = {","        firstName: \"Daniel\",","        surname: \"Cook\",","        description: \"foo\",","        dateOfBirth: new Date(1975, 6, 15)","    };","    it(\"has first name\", function () {","        expect(app.firstName).toEqual(\"Daniel\");","    });","    it(\"has surname\", function () {","        expect(app.surname).toEqual(\"Cook\");","    });","    it(\"has DOB\", function () {","        expect(app.dateOfBirth).toEqual(new Date(1975, 6, 15));","    });","    it(\"has description\", function () {","        expect(app.description).toEqual(\"foo\");","    });","});",""],"l":{"2":1,"3":1,"9":1,"10":1,"12":1,"13":1,"15":1,"16":1,"18":1,"19":1}},
"D:\\dotnet\\source\\Resume\\src\\Resume\\src\\app\\pipes\\isnull-pipe.specs.ts":{"path":"D:\\dotnet\\source\\Resume\\src\\Resume\\src\\app\\pipes\\isnull-pipe.specs.ts","s":{"1":1,"2":1,"3":1,"4":1,"5":2,"6":1,"7":1,"8":1,"9":1},"b":{},"f":{"1":1,"2":2,"3":1,"4":1},"fnMap":{"1":{"name":"(anonymous_1)","line":3,"loc":{"start":{"line":3,"column":23},"end":{"line":3,"column":35}}},"2":{"name":"(anonymous_2)","line":5,"loc":{"start":{"line":5,"column":15},"end":{"line":5,"column":27}}},"3":{"name":"(anonymous_3)","line":8,"loc":{"start":{"line":8,"column":33},"end":{"line":8,"column":45}}},"4":{"name":"(anonymous_4)","line":11,"loc":{"start":{"line":11,"column":36},"end":{"line":11,"column":48}}}},"statementMap":{"1":{"start":{"line":2,"column":0},"end":{"line":2,"column":45}},"2":{"start":{"line":3,"column":0},"end":{"line":14,"column":3}},"3":{"start":{"line":4,"column":4},"end":{"line":4,"column":13}},"4":{"start":{"line":5,"column":4},"end":{"line":7,"column":7}},"5":{"start":{"line":6,"column":8},"end":{"line":6,"column":46}},"6":{"start":{"line":8,"column":4},"end":{"line":10,"column":7}},"7":{"start":{"line":9,"column":8},"end":{"line":9,"column":59}},"8":{"start":{"line":11,"column":4},"end":{"line":13,"column":7}},"9":{"start":{"line":12,"column":8},"end":{"line":12,"column":60}}},"branchMap":{},"code":["\"use strict\";","var isnull_pipe_1 = require(\"./isnull-pipe\");","describe(\"IsNullPipe\", function () {","    var pipe;","    beforeEach(function () {","        pipe = new isnull_pipe_1.IsNullPipe();","    });","    it(\"transforms null values\", function () {","        expect(pipe.transform(null, \"foo\")).toEqual(\"foo\");","    });","    it(\"preserves non-null values\", function () {","        expect(pipe.transform(\"bar\", \"foo\")).toEqual(\"bar\");","    });","});",""],"l":{"2":1,"3":1,"4":1,"5":1,"6":2,"8":1,"9":1,"11":1,"12":1}},
"D:\\dotnet\\source\\Resume\\src\\Resume\\src\\app\\pipes\\isnull-pipe.ts":{"path":"D:\\dotnet\\source\\Resume\\src\\Resume\\src\\app\\pipes\\isnull-pipe.ts","s":{"1":1,"2":1,"3":1,"4":1,"5":2,"6":1,"7":1,"8":1},"b":{"1":[2,1]},"f":{"1":1,"2":2,"3":2},"fnMap":{"1":{"name":"(anonymous_1)","line":3,"loc":{"start":{"line":3,"column":18},"end":{"line":3,"column":30}}},"2":{"name":"IsNullPipe","line":4,"loc":{"start":{"line":4,"column":4},"end":{"line":4,"column":26}}},"3":{"name":"(anonymous_3)","line":6,"loc":{"start":{"line":6,"column":37},"end":{"line":6,"column":67}}}},"statementMap":{"1":{"start":{"line":2,"column":0},"end":{"line":2,"column":38}},"2":{"start":{"line":3,"column":0},"end":{"line":14,"column":5}},"3":{"start":{"line":4,"column":4},"end":{"line":5,"column":5}},"4":{"start":{"line":6,"column":4},"end":{"line":8,"column":6}},"5":{"start":{"line":7,"column":8},"end":{"line":7,"column":36}},"6":{"start":{"line":9,"column":4},"end":{"line":12,"column":19}},"7":{"start":{"line":13,"column":4},"end":{"line":13,"column":22}},"8":{"start":{"line":15,"column":0},"end":{"line":15,"column":32}}},"branchMap":{"1":{"line":7,"type":"binary-expr","locations":[{"start":{"line":7,"column":15},"end":{"line":7,"column":20}},{"start":{"line":7,"column":24},"end":{"line":7,"column":35}}]}},"code":["\"use strict\";","var core_1 = require(\"@angular/core\");","var IsNullPipe = (function () {","    function IsNullPipe() {","    }","    IsNullPipe.prototype.transform = function (value, isNullValue) {","        return value || isNullValue;","    };","    IsNullPipe = __decorate([","        core_1.Pipe({ name: \"isNull\" }), ","        __metadata('design:paramtypes', [])","    ], IsNullPipe);","    return IsNullPipe;","}());","exports.IsNullPipe = IsNullPipe;",""],"l":{"2":1,"3":1,"4":1,"6":1,"7":2,"9":1,"13":1,"15":1}},
"D:\\dotnet\\source\\Resume\\src\\Resume\\src\\app\\services\\applicant.service.specs.ts":{"path":"D:\\dotnet\\source\\Resume\\src\\Resume\\src\\app\\services\\applicant.service.specs.ts","s":{"1":1,"2":1,"3":1,"4":11,"5":1,"6":1,"7":1},"b":{},"f":{"1":11,"2":1,"3":1},"fnMap":{"1":{"name":"(anonymous_1)","line":4,"loc":{"start":{"line":4,"column":11},"end":{"line":4,"column":23}}},"2":{"name":"(anonymous_2)","line":6,"loc":{"start":{"line":6,"column":29},"end":{"line":6,"column":41}}},"3":{"name":"(anonymous_3)","line":7,"loc":{"start":{"line":7,"column":88},"end":{"line":7,"column":107}}}},"statementMap":{"1":{"start":{"line":2,"column":0},"end":{"line":2,"column":49}},"2":{"start":{"line":3,"column":0},"end":{"line":3,"column":57}},"3":{"start":{"line":4,"column":0},"end":{"line":5,"column":61}},"4":{"start":{"line":4,"column":25},"end":{"line":5,"column":57}},"5":{"start":{"line":6,"column":0},"end":{"line":10,"column":3}},"6":{"start":{"line":7,"column":4},"end":{"line":9,"column":8}},"7":{"start":{"line":8,"column":8},"end":{"line":8,"column":54}}},"branchMap":{},"code":["\"use strict\";","var testing_1 = require(\"@angular/core/testing\");","var applicant_service_1 = require(\"./applicant.service\");","beforeEach(function () { return testing_1.TestBed.configureTestingModule({","    providers: [applicant_service_1.ApplicantService] }); });","describe(\"ApplicantService\", function () {","    it(\"returns an applicant\", testing_1.inject([applicant_service_1.ApplicantService], function (service) {","        expect(service.getApplicant()).not.toBeNull();","    }));","});",""],"l":{"2":1,"3":1,"4":11,"6":1,"7":1,"8":1}},
"D:\\dotnet\\source\\Resume\\src\\Resume\\src\\app\\services\\applicant.service.ts":{"path":"D:\\dotnet\\source\\Resume\\src\\Resume\\src\\app\\services\\applicant.service.ts","s":{"1":1,"2":1,"3":1,"4":1,"5":1,"6":1,"7":1,"8":1},"b":{},"f":{"1":1,"2":1,"3":1},"fnMap":{"1":{"name":"(anonymous_1)","line":3,"loc":{"start":{"line":3,"column":24},"end":{"line":3,"column":36}}},"2":{"name":"ApplicantService","line":4,"loc":{"start":{"line":4,"column":4},"end":{"line":4,"column":32}}},"3":{"name":"(anonymous_3)","line":6,"loc":{"start":{"line":6,"column":46},"end":{"line":6,"column":58}}}},"statementMap":{"1":{"start":{"line":2,"column":0},"end":{"line":2,"column":38}},"2":{"start":{"line":3,"column":0},"end":{"line":24,"column":5}},"3":{"start":{"line":4,"column":4},"end":{"line":5,"column":5}},"4":{"start":{"line":6,"column":4},"end":{"line":18,"column":6}},"5":{"start":{"line":7,"column":8},"end":{"line":17,"column":10}},"6":{"start":{"line":19,"column":4},"end":{"line":22,"column":25}},"7":{"start":{"line":23,"column":4},"end":{"line":23,"column":28}},"8":{"start":{"line":25,"column":0},"end":{"line":25,"column":44}}},"branchMap":{},"code":["\"use strict\";","var core_1 = require(\"@angular/core\");","var ApplicantService = (function () {","    function ApplicantService() {","    }","    ApplicantService.prototype.getApplicant = function () {","        return {","            firstName: \"Daniel\",","            surname: \"Cook\",","            dateOfBirth: new Date(1975, 6, 15),","            description: \"A senior developer with 18 years in the industry including 15 years \" +","                \" .NET development for both the desktop and the Web.\" +","                \" Produces high quality results with blistering speed, \" +","                \" working from simple requirements to a polished end product.\" +","                \" Experience and self-motivated approach to learning can be \" +","                \" applied to both development and consultancy.\"","        };","    };","    ApplicantService = __decorate([","        core_1.Injectable(), ","        __metadata('design:paramtypes', [])","    ], ApplicantService);","    return ApplicantService;","}());","exports.ApplicantService = ApplicantService;",""],"l":{"2":1,"3":1,"4":1,"6":1,"7":1,"19":1,"23":1,"25":1}},
"D:\\dotnet\\source\\Resume\\src\\Resume\\src\\app\\services\\education.service.specs.ts":{"path":"D:\\dotnet\\source\\Resume\\src\\Resume\\src\\app\\services\\education.service.specs.ts","s":{"1":1,"2":1,"3":1,"4":1,"5":1,"6":1,"7":1,"8":1},"b":{},"f":{"1":1,"2":1,"3":1},"fnMap":{"1":{"name":"(anonymous_1)","line":3,"loc":{"start":{"line":3,"column":29},"end":{"line":3,"column":41}}},"2":{"name":"(anonymous_2)","line":6,"loc":{"start":{"line":6,"column":26},"end":{"line":6,"column":38}}},"3":{"name":"(anonymous_3)","line":9,"loc":{"start":{"line":9,"column":31},"end":{"line":9,"column":43}}}},"statementMap":{"1":{"start":{"line":2,"column":0},"end":{"line":2,"column":57}},"2":{"start":{"line":3,"column":0},"end":{"line":12,"column":3}},"3":{"start":{"line":4,"column":4},"end":{"line":4,"column":61}},"4":{"start":{"line":5,"column":4},"end":{"line":5,"column":45}},"5":{"start":{"line":6,"column":4},"end":{"line":8,"column":7}},"6":{"start":{"line":7,"column":8},"end":{"line":7,"column":42}},"7":{"start":{"line":9,"column":4},"end":{"line":11,"column":7}},"8":{"start":{"line":10,"column":8},"end":{"line":10,"column":55}}},"branchMap":{},"code":["\"use strict\";","var education_service_1 = require(\"./education.service\");","describe(\"EducationService\", function () {","    var service = new education_service_1.EducationService();","    var educations = service.getEducations();","    it(\"returns results\", function () {","        expect(educations).not.toBeNull();","    });","    it(\"results are an array\", function () {","        expect(Array.isArray(educations)).toBeTruthy();","    });","});",""],"l":{"2":1,"3":1,"4":1,"5":1,"6":1,"7":1,"9":1,"10":1}}}
